2024-10-26 18:28:02,007 - basicLogger - INFO - Retrieving sell event at index 2
2024-10-26 18:28:50,535 - basicLogger - INFO - Retrieving sell event at index 2
2024-10-26 18:29:57,335 - basicLogger - INFO - Retrieving event stats
2024-10-26 18:31:38,267 - basicLogger - INFO - Retrieving event stats
2024-10-26 18:33:46,527 - basicLogger - INFO - Retrieving sell event at index 107
2024-10-26 18:33:48,013 - basicLogger - ERROR - Could not find sell event at index 107
2024-10-26 18:34:00,734 - basicLogger - INFO - Retrieving sell event at index 106
2024-10-26 18:34:02,213 - basicLogger - ERROR - Could not find sell event at index 106
2024-10-26 18:34:10,849 - basicLogger - INFO - Retrieving sell event at index 3
2024-10-26 18:34:33,759 - basicLogger - INFO - Retrieving sell event at index 3
2024-10-26 18:35:19,153 - basicLogger - INFO - Retrieving sell event at index 3
2024-10-26 18:35:30,074 - basicLogger - INFO - Retrieving sell event at index 1
2024-10-26 18:36:15,596 - basicLogger - INFO - Retrieving sell event at index 1
2024-10-26 18:36:48,646 - basicLogger - INFO - Retrieving event stats
2024-10-26 18:37:04,734 - basicLogger - INFO - Retrieving buy event at index 1
2024-10-26 18:37:24,971 - basicLogger - INFO - Retrieving buy event at index 3
2024-10-26 18:37:41,142 - basicLogger - INFO - Retrieving buy event at index 6
2024-10-26 18:39:32,850 - basicLogger - INFO - Retrieving buy event at index 6
2024-10-26 18:41:30,096 - basicLogger - INFO - Retrieving sell event at index 6
2024-10-26 18:41:30,553 - basicLogger - ERROR - No more messages found
2024-10-26 18:41:30,555 - basicLogger - ERROR - Could not find sell event at index 6
2024-10-26 18:41:36,461 - basicLogger - INFO - Retrieving sell event at index 1
2024-10-26 18:41:36,913 - basicLogger - ERROR - No more messages found
2024-10-26 18:41:36,913 - basicLogger - ERROR - Could not find sell event at index 1
2024-10-26 18:42:06,984 - basicLogger - INFO - Retrieving sell event at index 1
2024-10-26 18:42:07,449 - basicLogger - ERROR - No more messages found
2024-10-26 18:42:07,451 - basicLogger - ERROR - Could not find sell event at index 1
2024-10-26 18:42:36,357 - basicLogger - INFO - Retrieving buy event at index 1
2024-10-26 18:44:02,340 - basicLogger - INFO - Retrieving sell event at index 1
2024-10-26 18:44:02,794 - basicLogger - ERROR - No more messages found
2024-10-26 18:44:02,794 - basicLogger - ERROR - Could not find sell event at index 1
2024-10-26 18:44:42,279 - basicLogger - INFO - Retrieving buy event at index 1
2024-10-26 18:45:14,266 - basicLogger - INFO - Retrieving buy event at index 1
2024-10-26 18:45:49,521 - basicLogger - INFO - Retrieving buy event at index 1
2024-10-26 18:46:11,258 - basicLogger - INFO - Retrieving buy event at index 1
2024-10-26 18:46:50,839 - basicLogger - INFO - Retrieving sell event at index 1
2024-10-26 18:46:51,304 - basicLogger - ERROR - No more messages found
2024-10-26 18:46:51,304 - basicLogger - ERROR - Could not find sell event at index 1
2024-10-26 18:47:36,236 - basicLogger - INFO - Retrieving sell event at index 4
2024-10-26 18:47:36,687 - basicLogger - ERROR - No more messages found
2024-10-26 18:47:36,687 - basicLogger - ERROR - Could not find sell event at index 4
2024-10-26 18:48:07,347 - basicLogger - INFO - Retrieving sell event at index 4
2024-10-26 18:48:07,793 - basicLogger - ERROR - No more messages found
2024-10-26 18:48:07,793 - basicLogger - ERROR - Could not find sell event at index 4
2024-10-26 18:48:12,146 - basicLogger - INFO - Retrieving event stats
2024-10-26 18:49:21,176 - basicLogger - INFO - Retrieving sell event at index 4
2024-10-26 18:49:33,400 - basicLogger - INFO - Retrieving sell event at index 100
2024-10-26 18:49:39,341 - basicLogger - INFO - Retrieving sell event at index 105
2024-10-31 09:14:44,437 - basicLogger - INFO - Retrieving sell event at index 22
2024-10-31 09:14:52,577 - basicLogger - INFO - Retrieving event stats
2024-10-31 09:16:47,973 - basicLogger - INFO - Retrieving sell event at index 0
2024-10-31 09:17:34,552 - basicLogger - INFO - Retrieving buy event at index 0
2024-10-31 09:21:20,322 - basicLogger - INFO - Retrieving event stats
2024-10-31 09:24:00,899 - basicLogger - INFO - Retrieving event stats
2024-10-31 09:29:36,443 - basicLogger - INFO - Retrieving event stats
2024-10-31 09:35:02,792 - basicLogger - INFO - Retrieving event stats
2024-10-31 09:45:10,484 - basicLogger - INFO - Retrieving event stats
2024-10-31 09:48:26,728 - basicLogger - INFO - Retrieving event stats
2024-10-31 09:48:42,934 - basicLogger - INFO - Retrieving buy event at index 25
2024-10-31 09:48:44,255 - basicLogger - ERROR - Could not find buy event at index 25
2024-10-31 09:48:49,679 - basicLogger - INFO - Retrieving buy event at index 24
2024-10-31 09:49:02,210 - basicLogger - INFO - Retrieving sell event at index 0
2024-10-31 09:49:08,756 - basicLogger - INFO - Retrieving sell event at index 24
